<?xml version="1.0" encoding="UTF-8"?>
<!-- Generated by org.testng.reporters.JUnitReportReporter -->
<testsuite hostname="LAPTOP-R8G6F4I5" name="org.meliAutomation.Test3" tests="1" failures="0" timestamp="6 Apr 2019 20:07:35 GMT" time="10.515" errors="0">
  <testcase name="test" time="10.515" classname="org.meliAutomation.Test3"/>
</testsuite> <!-- org.meliAutomation.Test3 -->
