<?xml version="1.0" encoding="UTF-8"?>
<!-- Generated by org.testng.reporters.JUnitReportReporter -->
<testsuite hostname="LAPTOP-R8G6F4I5" name="org.meliAutomation.Test1" tests="2" failures="0" timestamp="19 Jan 2019 01:14:02 GMT" time="47.490" errors="0">
  <testcase name="test" time="17.449" classname="org.meliAutomation.Test1"/>
  <testcase name="test" time="30.041" classname="org.meliAutomation.Test1"/>
</testsuite> <!-- org.meliAutomation.Test1 -->
