<?xml version="1.0" encoding="UTF-8"?>
<!-- Generated by org.testng.reporters.JUnitReportReporter -->
<testsuite hostname="LAPTOP-R8G6F4I5" name="org.meliAutomation.Test2" tests="2" failures="0" timestamp="31 Mar 2019 04:31:18 GMT" time="56.269" errors="0">
  <testcase name="test" time="32.788" classname="org.meliAutomation.Test2"/>
  <testcase name="test" time="23.481" classname="org.meliAutomation.Test2"/>
</testsuite> <!-- org.meliAutomation.Test2 -->
