<?xml version="1.0" encoding="UTF-8"?>
<!-- Generated by org.testng.reporters.JUnitReportReporter -->
<testsuite hostname="LAPTOP-R8G6F4I5" name="org.meliAutomation.Test2" tests="2" failures="0" timestamp="31 Mar 2019 03:59:51 GMT" time="76.699" errors="0">
  <testcase name="test" time="36.020" classname="org.meliAutomation.Test2"/>
  <testcase name="test" time="40.679" classname="org.meliAutomation.Test2"/>
</testsuite> <!-- org.meliAutomation.Test2 -->
