<?xml version="1.0" encoding="UTF-8"?>
<!-- Generated by org.testng.reporters.JUnitReportReporter -->
<testsuite hostname="LAPTOP-R8G6F4I5" name="org.meli.test.LoginParameters" tests="2" failures="0" timestamp="7 Apr 2019 06:17:50 GMT" time="17.220" errors="0">
  <testcase name="LoginMessageTest" time="8.931" classname="org.meli.test.LoginParameters"/>
  <testcase name="LoginMessageTest" time="8.289" classname="org.meli.test.LoginParameters"/>
</testsuite> <!-- org.meli.test.LoginParameters -->
