<?xml version="1.0" encoding="UTF-8"?>
<!-- Generated by org.testng.reporters.JUnitReportReporter -->
<testsuite hostname="LAPTOP-R8G6F4I5" name="org.meli.tests.LoginParameters" tests="2" failures="0" timestamp="7 Apr 2019 14:21:05 GMT" time="48.036" errors="0">
  <testcase name="LoginMessageTest" time="34.930" classname="org.meli.tests.LoginParameters"/>
  <testcase name="LoginMessageTest" time="13.106" classname="org.meli.tests.LoginParameters"/>
</testsuite> <!-- org.meli.tests.LoginParameters -->
